{
  "stats": {
    "suites": 1,
    "tests": 1,
    "passes": 1,
    "pending": 0,
    "failures": 0,
    "start": "2025-03-09T16:02:35.973Z",
    "end": "2025-03-09T16:03:00.085Z",
    "duration": 24112,
    "testsRegistered": 1,
    "passPercent": 100,
    "pendingPercent": 0,
    "other": 0,
    "hasOther": false,
    "skipped": 0,
    "hasSkipped": false
  },
  "results": [
    {
      "uuid": "730a1854-fa83-47bf-b7ee-02448ec1049d",
      "title": "",
      "fullFile": "cypress/e2e/Alerts_9.cy.js",
      "file": "cypress/e2e/Alerts_9.cy.js",
      "beforeHooks": [],
      "afterHooks": [],
      "tests": [],
      "suites": [
        {
          "uuid": "9888535d-d11f-4741-9344-42574278db6e",
          "title": "Alerts",
          "fullFile": "",
          "file": "",
          "beforeHooks": [],
          "afterHooks": [],
          "tests": [
            {
              "title": "Authonticated alert",
              "fullTitle": "Alerts Authonticated alert",
              "timedOut": null,
              "duration": 19868,
              "state": "passed",
              "speed": "slow",
              "pass": true,
              "fail": false,
              "pending": false,
              "context": null,
              "code": "//approach 1 >>  URL along with username and password \ncy.visit('https://the-internet.herokuapp.com/basic_auth', {\n  auth: {\n    username: \"admin\",\n    password: \"admin\"\n  }\n});\ncy.get(\"div[class='example'] p\").should('have.contain', 'Congratulations!');\n//approach 2 >> add usrname and password within URL\n//cy.visit('https://admin:admin@the-internet.herokuapp.com/basic_auth')\n// cy.get(\"div[class='example'] p\").should('have.text','Congratulations! You must have the proper credentials.')",
              "err": {},
              "uuid": "83547eb4-1604-40cd-9cff-1a467be54e4f",
              "parentUUID": "9888535d-d11f-4741-9344-42574278db6e",
              "isHook": false,
              "skipped": false
            }
          ],
          "suites": [],
          "passes": [
            "83547eb4-1604-40cd-9cff-1a467be54e4f"
          ],
          "failures": [],
          "pending": [],
          "skipped": [],
          "duration": 19868,
          "root": false,
          "rootEmpty": false,
          "_timeout": 2000
        }
      ],
      "passes": [],
      "failures": [],
      "pending": [],
      "skipped": [],
      "duration": 0,
      "root": true,
      "rootEmpty": true,
      "_timeout": 2000
    }
  ],
  "meta": {
    "mocha": {
      "version": "7.0.1"
    },
    "mochawesome": {
      "options": {
        "quiet": false,
        "reportFilename": "mochawesome",
        "saveHtml": false,
        "saveJson": true,
        "consoleReporter": "spec",
        "useInlineDiffs": false,
        "code": true
      },
      "version": "7.1.3"
    },
    "marge": {
      "options": {
        "overwrite": false,
        "html": false,
        "json": true,
        "reportDir": "cypress/reports/html/.jsons"
      },
      "version": "6.2.0"
    }
  }
}